<?xml version="1.0" encoding="UTF-8"?>
<testsuite xmlns:xsi="http://www.w3.org/2001/XMLSchema-instance" xsi:noNamespaceSchemaLocation="https://maven.apache.org/surefire/maven-surefire-plugin/xsd/surefire-test-report-3.0.xsd" version="3.0" name="com.example.t07_entidadescoperantes.EntidadControllerTest" time="15.643" tests="5" errors="0" skipped="0" failures="0">
  <properties>
[...]
</properties>
  <testcase name="testFindAll" classname="com.example.t07_entidadescoperantes.EntidadControllerTest" time="3.42">
    <system-out><![CDATA[
  .   ____          _            __ _ _
 /\\ / ___'_ __ _ _(_)_ __  __ _ \ \ \ \
( ( )\___ | '_ | '_| | '_ \/ _` | \ \ \ \
 \\/  ___)| |_)| | | | | || (_| |  ) ) ) )
  '  |____| .__|_| |_|_| |_\__, | / / / /
 =========|_|==============|___/=/_/_/_/
 :: Spring Boot ::                (v3.1.1)

2023-12-19T15:56:42.361-05:00  INFO 17864 --- [           main] c.e.t.EntidadControllerTest              : Starting EntidadControllerTest using Java 17.0.8 with PID 17864 (started by Jefer in C:\Users\Jefer\Desktop\maestra\T07_backEnd_SOA\T07_backEnd_SOA)
2023-12-19T15:56:42.371-05:00  INFO 17864 --- [           main] c.e.t.EntidadControllerTest              : No active profile set, falling back to 1 default profile: "default"
2023-12-19T15:56:45.214-05:00  INFO 17864 --- [           main] .s.d.r.c.RepositoryConfigurationDelegate : Bootstrapping Spring Data R2DBC repositories in DEFAULT mode.
2023-12-19T15:56:46.283-05:00  INFO 17864 --- [           main] .s.d.r.c.RepositoryConfigurationDelegate : Finished Spring Data repository scanning in 1050 ms. Found 1 R2DBC repository interfaces.
2023-12-19T15:56:48.930-05:00  INFO 17864 --- [           main] o.s.b.w.embedded.tomcat.TomcatWebServer  : Tomcat initialized with port(s): 0 (http)
2023-12-19T15:56:48.962-05:00  INFO 17864 --- [           main] o.apache.catalina.core.StandardService   : Starting service [Tomcat]
2023-12-19T15:56:48.963-05:00  INFO 17864 --- [           main] o.apache.catalina.core.StandardEngine    : Starting Servlet engine: [Apache Tomcat/10.1.10]
2023-12-19T15:56:49.261-05:00  INFO 17864 --- [           main] o.a.c.c.C.[Tomcat].[localhost].[/]       : Initializing Spring embedded WebApplicationContext
2023-12-19T15:56:49.266-05:00  INFO 17864 --- [           main] w.s.c.ServletWebServerApplicationContext : Root WebApplicationContext: initialization completed in 6779 ms
2023-12-19T15:56:52.382-05:00  INFO 17864 --- [           main] o.s.b.w.embedded.tomcat.TomcatWebServer  : Tomcat started on port(s): 60796 (http) with context path ''
2023-12-19T15:56:52.410-05:00  INFO 17864 --- [           main] c.e.t.EntidadControllerTest              : Started EntidadControllerTest in 11.032 seconds (process running for 14.699)
EntidadResponseDTO(id=7, nombre=Municipio, contacto=123456789, ruc=12345678901, direccion=Parque central de San Vicente, estado=A)
EntidadResponseDTO(id=4, nombre=Caritas, contacto=975947746, ruc=1234567890, direccion=Av Cementerio, San Vicente de Cañete 15701, estado=A)
EntidadResponseDTO(id=8, nombre=Barrio Seguro, contacto=123456783, ruc=12345678901, direccion=Av. Los Rosales, estado=A)
EntidadResponseDTO(id=9, nombre=Poder Judicial, contacto=12345678, ruc=12345678901, direccion=Av. Mariscal Benavides N° 657, San Vicente de Cañete., estado=A)
EntidadResponseDTO(id=3, nombre=UGEL, contacto=975947746, ruc=1234567890, direccion=Av. 28 de Julio 423, San Vicente de Cañete 15701, estado=A)
EntidadResponseDTO(id=5, nombre=Fiscalia de la Nación, contacto=975947746, ruc=1234567890, direccion=Urb. Linda Rosa, estado=A)
EntidadResponseDTO(id=2, nombre=Centro Emergencia Mujer, contacto=975947746, ruc=10234567890, direccion=Av. Benavides, estado=A)
EntidadResponseDTO(id=6, nombre=Municipalidad Mala, contacto=975947746, ruc=1234567890, direccion=Urb. Miraflores, estado=A)
EntidadResponseDTO(id=12, nombre=prueba, contacto=975947746, ruc=12345678901, direccion=Av. LindaRosa, estado=A)
EntidadResponseDTO(id=10, nombre=Gobierno Regional de Lima, contacto=12345678, ruc=12345678901, direccion=Urb. Girasoles, estado=I)
EntidadResponseDTO(id=13, nombre=null, contacto=null, ruc=null, direccion=null, estado=null)
EntidadResponseDTO(id=14, nombre=PNP, contacto=975947746, ruc=1234567890, direccion=Urb. Miraflores, estado=A)
EntidadResponseDTO(id=15, nombre=PNP, contacto=975947746, ruc=1234567890, direccion=Urb. Miraflores, estado=A)
EntidadResponseDTO(id=16, nombre=PNP, contacto=975947746, ruc=1234567890, direccion=Urb. Miraflores, estado=A)
EntidadResponseDTO(id=1, nombre=PNP, contacto=975947746, ruc=1234567890, direccion=Urb. Los Rosales, estado=A)
]]></system-out>
  </testcase>
  <testcase name="testFindById" classname="com.example.t07_entidadescoperantes.EntidadControllerTest" time="0.042"/>
  <testcase name="testCreate" classname="com.example.t07_entidadescoperantes.EntidadControllerTest" time="0.086"/>
  <testcase name="testDelete" classname="com.example.t07_entidadescoperantes.EntidadControllerTest" time="0.03"/>
  <testcase name="testUpdate" classname="com.example.t07_entidadescoperantes.EntidadControllerTest" time="0.02"/>
</testsuite>